\BOOKMARK [0][-]{figure.caption.1}{Resumen en espa\361ol}{}% 1
\BOOKMARK [0][-]{figure.caption.1}{Resumen en ingl\351s}{}% 2
\BOOKMARK [0][-]{chapter*.2}{Dedicatoria}{}% 3
\BOOKMARK [0][-]{chapter*.3}{Agradecimientos}{}% 4
\BOOKMARK [0][-]{chapter*.5}{Lista de figuras}{}% 5
\BOOKMARK [0][-]{chapter*.6}{Lista de tablas}{}% 6
\BOOKMARK [0][-]{chapter.1}{Introducci\363n}{}% 7
\BOOKMARK [1][-]{section.1.1}{Objetivo general de la tesis}{chapter.1}% 8
\BOOKMARK [2][-]{subsection.1.1.1}{Objetivos particulares}{section.1.1}% 9
\BOOKMARK [1][-]{section.1.2}{Justificaci\363n}{chapter.1}% 10
\BOOKMARK [1][-]{section.1.3}{Metodolog\355a de la investigaci\363n}{chapter.1}% 11
\BOOKMARK [1][-]{section.1.4}{Organizaci\363n de la tesis}{chapter.1}% 12
\BOOKMARK [0][-]{chapter.2}{La se\361al de fonocardiograma}{}% 13
\BOOKMARK [1][-]{section.2.1}{Origen fisiol\363gico y representaci\363n de los sonidos cardiacos}{chapter.2}% 14
\BOOKMARK [1][-]{section.2.2}{Caracter\355sticas del fonocardiograma}{chapter.2}% 15
\BOOKMARK [1][-]{section.2.3}{Patolog\355as cardiacas}{chapter.2}% 16
\BOOKMARK [1][-]{section.2.4}{Codificaci\363n de audio}{chapter.2}% 17
\BOOKMARK [2][-]{subsection.2.4.1}{La psicoac\372stica en el modelado y codificaci\363n de audio}{section.2.4}% 18
\BOOKMARK [2][-]{subsection.2.4.2}{El c\363dec de audio}{section.2.4}% 19
\BOOKMARK [1][-]{section.2.5}{Estado del arte en el modelado de sonidos cardiacos}{chapter.2}% 20
\BOOKMARK [0][-]{chapter.3}{Modelado de la parte determin\355stica \040mediante Matching Pursuit}{}% 21
\BOOKMARK [1][-]{section.3.1}{Representaci\363n dispersa de se\361ales}{chapter.3}% 22
\BOOKMARK [1][-]{section.3.2}{Diccionarios tiempo-frecuencia}{chapter.3}% 23
\BOOKMARK [2][-]{subsection.3.2.1}{Diccionario y \341tomos de Gabor}{section.3.2}% 24
\BOOKMARK [2][-]{subsection.3.2.2}{Descomposiciones at\363micas}{section.3.2}% 25
\BOOKMARK [2][-]{subsection.3.2.3}{Principio de incertidumbre de Heisenberg}{section.3.2}% 26
\BOOKMARK [1][-]{section.3.3}{Descomposici\363n de fonocardiogramas mediante Matching Pursuit \(MP\)}{chapter.3}% 27
\BOOKMARK [2][-]{subsection.3.3.1}{Criterios en la descomposci\363n de fonocardiogramas por MP}{section.3.3}% 28
\BOOKMARK [0][-]{chapter.4}{Modelado de la parte estoc\341stica \040mediante Codificaci\363n Predictiva Lineal}{}% 29
\BOOKMARK [1][-]{section.4.1}{Filtros digitales y transformada z}{chapter.4}% 30
\BOOKMARK [2][-]{subsection.4.1.1}{Transformada z}{section.4.1}% 31
\BOOKMARK [2][-]{subsection.4.1.2}{Filtros digitales}{section.4.1}% 32
\BOOKMARK [3][-]{subsubsection.4.1.2.1}{Filtros de respuesta al impulso finita \(FIR LCCDE\)}{subsection.4.1.2}% 33
\BOOKMARK [3][-]{subsubsection.4.1.2.2}{Filtros de respuesta al impulso finita \(IIR LCCDE\)}{subsection.4.1.2}% 34
\BOOKMARK [1][-]{section.4.2}{Modelos autorregresivos}{chapter.4}% 35
\BOOKMARK [1][-]{section.4.3}{Codificaci\363n mediante predicci\363n lineal}{chapter.4}% 36
\BOOKMARK [2][-]{subsection.4.3.1}{Modelo de predicci\363n lineal}{section.4.3}% 37
\BOOKMARK [2][-]{subsection.4.3.2}{Predicci\363n hacia adelante y hacia atr\341s}{section.4.3}% 38
\BOOKMARK [2][-]{subsection.4.3.3}{Estimaci\363n de los coeficientes de predicci\363n}{section.4.3}% 39
\BOOKMARK [3][-]{subsubsection.4.3.3.1}{Recursi\363n de Levinson-Durbin}{subsection.4.3.3}% 40
\BOOKMARK [1][-]{section.4.4}{Estimaci\363n espectral}{chapter.4}% 41
\BOOKMARK [1][-]{section.4.5}{Variantes a LPC: WLPC y VELPC.}{chapter.4}% 42
\BOOKMARK [2][-]{subsection.4.5.1}{Codificaci\363n predictiva lineal con distorsi\363n espectral \(WLPC\)}{section.4.5}% 43
\BOOKMARK [2][-]{subsection.4.5.2}{Codificaci\363n predictiva lineal con excitaci\363n por voz \(VELPC\)}{section.4.5}% 44
\BOOKMARK [0][-]{chapter.5}{Conformaci\363n del c\363dec propuesto}{}% 45
\BOOKMARK [1][-]{section.5.1}{Estructura del codificador-decodificador propuesto}{chapter.5}% 46
\BOOKMARK [1][-]{section.5.2}{Segmentaci\363n de los eventos cardiacos}{chapter.5}% 47
\BOOKMARK [1][-]{section.5.3}{Descomposici\363n at\363mica de los eventos \(MP\)}{chapter.5}% 48
\BOOKMARK [1][-]{section.5.4}{Modelado y tratamiento de la se\361al residual \(LPC\)}{chapter.5}% 49
\BOOKMARK [2][-]{subsection.5.4.1}{Segmentaci\363n del residual}{section.5.4}% 50
\BOOKMARK [2][-]{subsection.5.4.2}{Criterios para la determinaci\363n del orden p del filtro predictor}{section.5.4}% 51
\BOOKMARK [2][-]{subsection.5.4.3}{S\355ntesis/reconstrucci\363n de la se\361al residual}{section.5.4}% 52
\BOOKMARK [2][-]{subsection.5.4.4}{Filtros de pre-\351nfasis y de-\351nfasis en LPC}{section.5.4}% 53
\BOOKMARK [1][-]{section.5.5}{Cuantificaci\363n}{chapter.5}% 54
\BOOKMARK [2][-]{subsection.5.5.1}{Tipos de cuantificadores}{section.5.5}% 55
\BOOKMARK [2][-]{subsection.5.5.2}{Dise\361o de un cuantificador no uniforme}{section.5.5}% 56
\BOOKMARK [3][-]{subsubsection.5.5.2.1}{Algoritmo de Lloyd}{subsection.5.5.2}% 57
\BOOKMARK [2][-]{subsection.5.5.3}{Cuantificaci\363n de los par\341metros extra\355dos de los modelados}{section.5.5}% 58
\BOOKMARK [2][-]{subsection.5.5.4}{Cuantificaci\363n de los coeficientes de predicci\363n}{section.5.5}% 59
\BOOKMARK [1][-]{section.5.6}{Representaci\363n en bits de los par\341metros de codificaci\363n}{chapter.5}% 60
\BOOKMARK [1][-]{section.5.7}{Codificaci\363n de los fonocardiogramas y porcentajes de compresi\363n obtenidos}{chapter.5}% 61
\BOOKMARK [1][-]{section.5.8}{Pruebas en la reconstrucci\363n de los fonocardiogramas}{chapter.5}% 62
\BOOKMARK [2][-]{subsection.5.8.1}{Coeficiente de correlaci\363n}{section.5.8}% 63
\BOOKMARK [2][-]{subsection.5.8.2}{Ra\355z cuadrada de la diferencia cuadr\341tica media \(Percent Root-mean-square Difference, PRD\)}{section.5.8}% 64
\BOOKMARK [0][-]{chapter.6}{Evaluaci\363n subjetiva del c\363dec}{}% 65
\BOOKMARK [1][-]{section.6.1}{Selecci\363n de las se\361ales de prueba}{chapter.6}% 66
\BOOKMARK [1][-]{section.6.2}{Procedimiento de evaluaci\363n MUSHRA}{chapter.6}% 67
\BOOKMARK [2][-]{subsection.6.2.1}{Preparaci\363n de la interfaz gr\341fica }{section.6.2}% 68
\BOOKMARK [2][-]{subsection.6.2.2}{Fase de adiestramiento}{section.6.2}% 69
\BOOKMARK [2][-]{subsection.6.2.3}{Condiciones de audici\363n}{section.6.2}% 70
\BOOKMARK [2][-]{subsection.6.2.4}{Selecci\363n de los oyentes}{section.6.2}% 71
\BOOKMARK [1][-]{section.6.3}{An\341lisis estad\355stico de los resultados obtenidos en la prueba}{chapter.6}% 72
\BOOKMARK [2][-]{subsection.6.3.1}{C\341lculo de los histogramas e intervalos de confianza}{section.6.3}% 73
\BOOKMARK [0][-]{chapter.7}{Conclusiones}{}% 74
\BOOKMARK [1][-]{section.7.1}{Sobre los objetivos de la tesis}{chapter.7}% 75
\BOOKMARK [1][-]{section.7.2}{Trabajo futuro de investigaci\363n}{chapter.7}% 76
\BOOKMARK [0][-]{section.7.2}{Lista de referencias}{}% 77
