This is pdfTeX, Version 3.1415926-2.3-1.40.12 (TeX Live 2011) (format=pdflatex 2011.7.3)  30 OCT 2014 12:33
entering extended mode
 \write18 enabled.
 file:line:error style messages enabled.
 %&-line parsing enabled.
**iTesis.tex
(./iTesis.tex
LaTeX2e <2009/09/24>
Babel <v3.8l> and hyphenation patterns for english, dumylang, nohyphenation, ge
rman-x-2009-06-19, ngerman-x-2009-06-19, afrikaans, ancientgreek, ibycus, arabi
c, armenian, basque, bulgarian, catalan, pinyin, coptic, croatian, czech, danis
h, dutch, ukenglish, usenglishmax, esperanto, estonian, ethiopic, farsi, finnis
h, french, galician, german, ngerman, swissgerman, monogreek, greek, hungarian,
 icelandic, assamese, bengali, gujarati, hindi, kannada, malayalam, marathi, or
iya, panjabi, tamil, telugu, indonesian, interlingua, irish, italian, kurmanji,
 lao, latin, latvian, lithuanian, mongolian, mongolianlmc, bokmal, nynorsk, pol
ish, portuguese, romanian, russian, sanskrit, serbian, serbianc, slovak, sloven
ian, spanish, swedish, turkish, turkmen, ukrainian, uppersorbian, welsh, loaded
.
(./cicese.cls
Document Class: cicese 2001/04/21 v1.4e Standard LaTeX document class
(/usr/local/texlive/2011/texmf-dist/tex/latex/base/size12.clo
File: size12.clo 2007/10/19 v1.4h Standard LaTeX file (size option)
)
\c@part=\count79
\c@chapter=\count80
\c@appendix=\count81
\c@section=\count82
\c@subsection=\count83
\c@subsubsection=\count84
\c@paragraph=\count85
\c@subparagraph=\count86
\c@figure=\count87
\c@table=\count88
\abovecaptionskip=\skip41
\belowcaptionskip=\skip42
\bibindent=\dimen102
)
(/usr/local/texlive/2011/texmf-dist/tex/latex/marvosym/marvosym.sty
Package: marvosym 2006/05/11 v2.1 Martin Vogel's Symbols font definitions
)
(/usr/local/texlive/2011/texmf-dist/tex/latex/geometry/geometry.sty
Package: geometry 2010/09/12 v5.6 Page Geometry

(/usr/local/texlive/2011/texmf-dist/tex/latex/graphics/keyval.sty
Package: keyval 1999/03/16 v1.13 key=value parser (DPC)
\KV@toks@=\toks14
)
(/usr/local/texlive/2011/texmf-dist/tex/generic/oberdiek/ifpdf.sty
Package: ifpdf 2011/01/30 v2.3 Provides the ifpdf switch (HO)
Package ifpdf Info: pdfTeX in PDF mode is detected.
)
(/usr/local/texlive/2011/texmf-dist/tex/generic/oberdiek/ifvtex.sty
Package: ifvtex 2010/03/01 v1.5 Switches for detecting VTeX and its modes (HO)
Package ifvtex Info: VTeX not detected.
)
(/usr/local/texlive/2011/texmf-dist/tex/generic/ifxetex/ifxetex.sty
Package: ifxetex 2010/09/12 v0.6 Provides ifxetex conditional
)
\Gm@cnth=\count89
\Gm@cntv=\count90
\c@Gm@tempcnt=\count91
\Gm@bindingoffset=\dimen103
\Gm@wd@mp=\dimen104
\Gm@odd@mp=\dimen105
\Gm@even@mp=\dimen106
\Gm@layoutwidth=\dimen107
\Gm@layoutheight=\dimen108
\Gm@layouthoffset=\dimen109
\Gm@layoutvoffset=\dimen110
\Gm@dimlist=\toks15
)
(/usr/local/texlive/2011/texmf-dist/tex/latex/psnfss/helvet.sty
Package: helvet 2005/04/12 PSNFSS-v9.2a (WaS) 
)
(/usr/local/texlive/2011/texmf-dist/tex/generic/babel/babel.sty
Package: babel 2008/07/06 v3.8l The Babel package

(/usr/local/texlive/2011/texmf-dist/tex/generic/babel/spanish.ldf
Language: spanish.ldf 2009/01/02 v5.0h Spanish support from the babel system

(/usr/local/texlive/2011/texmf-dist/tex/generic/babel/babel.def
File: babel.def 2008/07/06 v3.8l Babel common definitions
\babel@savecnt=\count92
\U@D=\dimen111
)
\es@datefmt=\count93
\es@quottoks=\toks16
\es@quotdepth=\count94
Package babel Info: Making " an active character on input line 492.
))
(/usr/local/texlive/2011/texmf-dist/tex/latex/base/inputenc.sty
Package: inputenc 2008/03/30 v1.1d Input encoding file
\inpenc@prehook=\toks17
\inpenc@posthook=\toks18

(/usr/local/texlive/2011/texmf-dist/tex/latex/ucs/utf8x.def
File: utf8x.def 2004/10/17 UCS: Input encoding UTF-8
))
(/usr/local/texlive/2011/texmf-dist/tex/latex/ucs/ucs.sty
Package: ucs 2004/10/17 UCS: Unicode input support

(/usr/local/texlive/2011/texmf-dist/tex/latex/ucs/data/uni-global.def
File: uni-global.def 2004/10/17 UCS: Unicode global data
)
\uc@secondtry=\count95
\uc@combtoks=\toks19
\uc@combtoksb=\toks20
\uc@temptokena=\toks21
)
(/usr/local/texlive/2011/texmf-dist/tex/latex/mdframed/mdframed.sty
Package: mdframed 2010/12/22  v0.6a: mdframed

(/usr/local/texlive/2011/texmf-dist/tex/latex/oberdiek/kvoptions.sty
Package: kvoptions 2010/12/23 v3.10 Keyval support for LaTeX options (HO)

(/usr/local/texlive/2011/texmf-dist/tex/generic/oberdiek/ltxcmds.sty
Package: ltxcmds 2011/04/18 v1.20 LaTeX kernel commands for general use (HO)
)
(/usr/local/texlive/2011/texmf-dist/tex/generic/oberdiek/kvsetkeys.sty
Package: kvsetkeys 2011/04/07 v1.13 Key value parser (HO)

(/usr/local/texlive/2011/texmf-dist/tex/generic/oberdiek/infwarerr.sty
Package: infwarerr 2010/04/08 v1.3 Providing info/warning/message (HO)
)
(/usr/local/texlive/2011/texmf-dist/tex/generic/oberdiek/etexcmds.sty
Package: etexcmds 2011/02/16 v1.5 Prefix for e-TeX command names (HO)

(/usr/local/texlive/2011/texmf-dist/tex/generic/oberdiek/ifluatex.sty
Package: ifluatex 2010/03/01 v1.3 Provides the ifluatex switch (HO)
Package ifluatex Info: LuaTeX not detected.
)
Package etexcmds Info: Could not find \expanded.
(etexcmds)             That can mean that you are not using pdfTeX 1.50 or
(etexcmds)             that some package has redefined \expanded.
(etexcmds)             In the latter case, load this package earlier.
)))
(/usr/local/texlive/2011/texmf-dist/tex/latex/etex-pkg/etex.sty
Package: etex 1998/03/26 v2.0 eTeX basic definition package (PEB)
\et@xins=\count96
)
(/usr/local/texlive/2011/texmf-dist/tex/latex/tools/calc.sty
Package: calc 2007/08/22 v4.3 Infix arithmetic (KKT,FJ)
\calc@Acount=\count97
\calc@Bcount=\count98
\calc@Adimen=\dimen112
\calc@Bdimen=\dimen113
\calc@Askip=\skip43
\calc@Bskip=\skip44
LaTeX Info: Redefining \setlength on input line 76.
LaTeX Info: Redefining \addtolength on input line 77.
\calc@Ccount=\count99
\calc@Cskip=\skip45
)
(/usr/local/texlive/2011/texmf-dist/tex/latex/graphics/color.sty
Package: color 2005/11/14 v1.0j Standard LaTeX Color (DPC)

(/usr/local/texlive/2011/texmf-dist/tex/latex/latexconfig/color.cfg
File: color.cfg 2007/01/18 v1.5 color configuration of teTeX/TeXLive
)
Package color Info: Driver file: pdftex.def on input line 130.

(/usr/local/texlive/2011/texmf-dist/tex/latex/pdftex-def/pdftex.def
File: pdftex.def 2011/05/27 v0.06d Graphics/color for pdfTeX
\Gread@gobject=\count100
))
(/usr/local/texlive/2011/texmf-dist/tex/latex/etoolbox/etoolbox.sty
Package: etoolbox 2011/01/03 v2.1 e-TeX tools for LaTeX
\etb@tempcnta=\count101
)
\md@templength=\skip46
\mdf@skipabove@length=\skip47
\mdf@skipbelow@length=\skip48
\mdf@leftmargin@length=\skip49
\mdf@rightmargin@length=\skip50
\mdf@margin@length=\skip51
\mdf@innerleftmargin@length=\skip52
\mdf@innerrightmargin@length=\skip53
\mdf@innertopmargin@length=\skip54
\mdf@innerbottommargin@length=\skip55
\mdf@splittopskip@length=\skip56
\mdf@splitbottomskip@length=\skip57
\mdf@linewidth@length=\skip58
\mdf@innerlinewidth@length=\skip59
\mdf@middlelinewidth@length=\skip60
\mdf@outerlinewidth@length=\skip61
\mdf@roundcorner@length=\skip62

(/usr/local/texlive/2011/texmf-dist/tex/latex/mdframed/md-frame-0.mdf
File: md-frame-3.mdf 2010/12/22  v0.6a: md-frame-0
)
\md@temp@skip@a=\skip63
\md@verticalmarginwhole@length=\skip64
\mdf@xmargin@length=\skip65
\mdf@ymargin@length=\skip66
\mdfboxheight=\skip67
\mdfboxwidth=\skip68
\mdfboundingboxheight=\skip69
\mdfboundingboxwidth=\skip70
\mdfpositionx=\skip71
\mdfpositiony=\skip72
\md@freevspace@length=\skip73
\md@horizontalspaceofbox=\skip74
\md@temp@frame@hsize=\skip75
\md@temp@frame@vsize=\skip76
)
(/usr/local/texlive/2011/texmf-dist/tex/latex/glossaries/base/glossaries.sty
Package: glossaries 2011/04/12 v3.01 (NLCT)

(/usr/local/texlive/2011/texmf-dist/tex/latex/base/ifthen.sty
Package: ifthen 2001/05/26 v1.1c Standard LaTeX ifthen package (DPC)
)
(/usr/local/texlive/2011/texmf-dist/tex/latex/xkeyval/xkeyval.sty
Package: xkeyval 2008/08/13 v2.6a package option processing (HA)

(/usr/local/texlive/2011/texmf-dist/tex/generic/xkeyval/xkeyval.tex
\XKV@toks=\toks22
\XKV@tempa@toks=\toks23
\XKV@depth=\count102
File: xkeyval.tex 2008/08/13 v2.6a key=value parser (HA)
))
(/usr/local/texlive/2011/texmf-dist/tex/latex/glossaries/base/mfirstuc.sty
Package: mfirstuc 2011/04/02 v1.05 (NLCT)
\@glsmfirst=\toks24
\@glsmrest=\toks25
)
(/usr/local/texlive/2011/texmf-dist/tex/latex/xfor/xfor.sty
Package: xfor 2009/02/05 v1.05 (NLCT)
)
(/usr/local/texlive/2011/texmf-dist/tex/latex/amsmath/amsgen.sty
File: amsgen.sty 1999/11/30 v2.0
\@emptytoks=\toks26
\ex@=\dimen114
)
(/usr/local/texlive/2011/texmf-dist/tex/latex/beamer/translator/translator.sty
Package: translator 2010/06/12 ver 1.10

(/usr/local/texlive/2011/texmf-dist/tex/latex/beamer/translator/translator-lang
uage-mappings.tex))
\gls@level=\count103
\@gls@tmpb=\toks27
\gls@tmplen=\skip77
\glswrite=\write3
\glskeylisttok=\toks28
\glslabeltok=\toks29
\glsshorttok=\toks30
\glslongtok=\toks31

(/usr/local/texlive/2011/texmf-dist/tex/latex/glossaries/styles/glossary-hypern
av.sty
Package: glossary-hypernav 2007/07/04 v1.01 (NLCT)
)
(/usr/local/texlive/2011/texmf-dist/tex/latex/glossaries/styles/glossary-list.s
ty
Package: glossary-list 2011/03/28 v3.0 (NLCT)
\glslistdottedwidth=\skip78
)
(/usr/local/texlive/2011/texmf-dist/tex/latex/glossaries/styles/glossary-long.s
ty
Package: glossary-long 2011/03/28 v3.0 (NLCT)
 (/usr/local/texlive/2011/texmf-dist/tex/latex/tools/longtable.sty
Package: longtable 2004/02/01 v4.11 Multi-page Table package (DPC)
\LTleft=\skip79
\LTright=\skip80
\LTpre=\skip81
\LTpost=\skip82
\LTchunksize=\count104
\LTcapwidth=\dimen115
\LT@head=\box26
\LT@firsthead=\box27
\LT@foot=\box28
\LT@lastfoot=\box29
\LT@cols=\count105
\LT@rows=\count106
\c@LT@tables=\count107
\c@LT@chunks=\count108
\LT@p@ftn=\toks32
)
\glsdescwidth=\skip83
\glspagelistwidth=\skip84
)
(/usr/local/texlive/2011/texmf-dist/tex/latex/glossaries/styles/glossary-super.
sty
Package: glossary-super 2011/03/28 v3.0 (NLCT)
 (/usr/local/texlive/2011/texmf-dist/tex/latex/supertabular/supertabular.sty
Package: supertabular 2004/02/20 v4.1e the supertabular environment
\c@tracingst=\count109
\ST@wd=\dimen116
\ST@rightskip=\skip85
\ST@leftskip=\skip86
\ST@parfillskip=\skip87
\ST@pageleft=\dimen117
\ST@headht=\dimen118
\ST@tailht=\dimen119
\ST@pagesofar=\dimen120
\ST@pboxht=\dimen121
\ST@lineht=\dimen122
\ST@stretchht=\dimen123
\ST@prevht=\dimen124
\ST@toadd=\dimen125
\ST@dimen=\dimen126
\ST@pbox=\box30
))
(/usr/local/texlive/2011/texmf-dist/tex/latex/glossaries/styles/glossary-tree.s
ty
Package: glossary-tree 2011/03/28 v3.0 (NLCT)
\glstreeindent=\skip88
))
\glo@main@file=\write4
\openout4 = `iTesis.glo'.

Package glossaries Info: Writing glossary file iTesis.glo on input line 20.
\glo@acronym@file=\write5
\openout5 = `iTesis.acn'.

Package glossaries Info: Writing glossary file iTesis.acn on input line 20.
 (/usr/local/texlive/2011/texmf-dist/tex/latex/hyperref/hyperref.sty
Package: hyperref 2011/04/17 v6.82g Hypertext links for LaTeX

(/usr/local/texlive/2011/texmf-dist/tex/generic/oberdiek/hobsub-hyperref.sty
Package: hobsub-hyperref 2011/04/23 v1.4 Bundle oberdiek, subset hyperref (HO)

(/usr/local/texlive/2011/texmf-dist/tex/generic/oberdiek/hobsub-generic.sty
Package: hobsub-generic 2011/04/23 v1.4 Bundle oberdiek, subset generic (HO)
Package: hobsub 2011/04/23 v1.4 Subsetting bundle oberdiek (HO)
Package hobsub Info: Skipping package `infwarerr' (already loaded).
Package hobsub Info: Skipping package `ltxcmds' (already loaded).
Package hobsub Info: Skipping package `ifluatex' (already loaded).
Package hobsub Info: Skipping package `ifvtex' (already loaded).
Package: intcalc 2007/09/27 v1.1 Expandable integer calculations (HO)
Package hobsub Info: Skipping package `ifpdf' (already loaded).
Package hobsub Info: Skipping package `etexcmds' (already loaded).
Package hobsub Info: Skipping package `kvsetkeys' (already loaded).
Package: kvdefinekeys 2011/04/07 v1.3 Defining keys (HO)
Package: pdftexcmds 2011/04/22 v0.16 Utilities of pdfTeX for LuaTeX (HO)
Package pdftexcmds Info: LuaTeX not detected.
Package pdftexcmds Info: \pdf@primitive is available.
Package pdftexcmds Info: \pdf@ifprimitive is available.
Package pdftexcmds Info: \pdfdraftmode found.
Package: pdfescape 2011/04/04 v1.12 Provides string conversions (HO)
Package: bigintcalc 2011/01/30 v1.2 Expandable big integer calculations (HO)
Package: bitset 2011/01/30 v1.1 Data type bit set (HO)
Package: uniquecounter 2011/01/30 v1.2 Provides unlimited unique counter (HO)
)
Package hobsub Info: Skipping package `hobsub' (already loaded).
Package: letltxmacro 2010/09/02 v1.4 Let assignment for LaTeX macros (HO)
Package: hopatch 2011/01/30 v1.0 Wrapper for package hooks (HO)
Package: xcolor-patch 2011/01/30 xcolor patch
Package: atveryend 2011/04/23 v1.7 Hooks at very end of document (HO)
Package: atbegshi 2011/01/30 v1.15 At begin shipout hook (HO)
Package: refcount 2010/12/01 v3.2 Data extraction from references (HO)
Package: hycolor 2011/01/30 v1.7 Color options of hyperref/bookmark (HO)
)
\@linkdim=\dimen127
\Hy@linkcounter=\count110
\Hy@pagecounter=\count111

(/usr/local/texlive/2011/texmf-dist/tex/latex/hyperref/pd1enc.def
File: pd1enc.def 2011/04/17 v6.82g Hyperref: PDFDocEncoding definition (HO)
)
\Hy@SavedSpaceFactor=\count112

(/usr/local/texlive/2011/texmf-dist/tex/latex/latexconfig/hyperref.cfg
File: hyperref.cfg 2002/06/06 v1.2 hyperref configuration of TeXLive
)
Package hyperref Info: Hyper figures OFF on input line 4026.
Package hyperref Info: Link nesting OFF on input line 4031.
Package hyperref Info: Hyper index ON on input line 4034.
Package hyperref Info: Plain pages OFF on input line 4041.
Package hyperref Info: Backreferencing OFF on input line 4046.
Package hyperref Info: Implicit mode ON; LaTeX internals redefined.
Package hyperref Info: Bookmarks ON on input line 4264.
\c@Hy@tempcnt=\count113

(/usr/local/texlive/2011/texmf-dist/tex/latex/url/url.sty
\Urlmuskip=\muskip10
Package: url 2006/04/12  ver 3.3  Verb mode for urls, etc.
)
LaTeX Info: Redefining \url on input line 4617.
\Fld@menulength=\count114
\Field@Width=\dimen128
\Fld@charsize=\dimen129
Package hyperref Info: Hyper figures OFF on input line 5701.
Package hyperref Info: Link nesting OFF on input line 5706.
Package hyperref Info: Hyper index ON on input line 5709.
Package hyperref Info: backreferencing OFF on input line 5716.
Package hyperref Info: Link coloring OFF on input line 5721.
Package hyperref Info: Link coloring with OCG OFF on input line 5726.
Package hyperref Info: PDF/A mode OFF on input line 5731.
LaTeX Info: Redefining \ref on input line 5771.
LaTeX Info: Redefining \pageref on input line 5775.
\Hy@abspage=\count115
\c@Item=\count116
\c@Hfootnote=\count117
)

Package hyperref Message: Driver (autodetected): hpdftex.

(/usr/local/texlive/2011/texmf-dist/tex/latex/hyperref/hpdftex.def
File: hpdftex.def 2011/04/17 v6.82g Hyperref driver for pdfTeX
\Fld@listcount=\count118
\c@bookmark@seq@number=\count119

(/usr/local/texlive/2011/texmf-dist/tex/latex/oberdiek/rerunfilecheck.sty
Package: rerunfilecheck 2011/04/15 v1.7 Rerun checks for auxiliary files (HO)
Package uniquecounter Info: New unique counter `rerunfilecheck' on input line 2
82.
)
\Hy@SectionHShift=\skip89
)
(./cicese.sty (./natbib.sty
Package: natbib 1995/12/06 6.1 (PWD)
\bibhang=\skip90
LaTeX Info: Redefining \cite on input line 301.
\c@NAT@ctr=\count120
)
\c@dal@supervisornum=\count121
\c@dal@readernum=\count122
)
(/usr/local/texlive/2011/texmf-dist/tex/latex/base/makeidx.sty
Package: makeidx 2000/03/29 v1.0m Standard LaTeX package
)
(/usr/local/texlive/2011/texmf-dist/tex/latex/eurosym/eurosym.sty
Package: eurosym 1998/08/06 v1.1 European currency symbol ``Euro''
\@eurobox=\box31
)
(/usr/local/texlive/2011/texmf-dist/tex/latex/amsfonts/amssymb.sty
Package: amssymb 2009/06/22 v3.00

(/usr/local/texlive/2011/texmf-dist/tex/latex/amsfonts/amsfonts.sty
Package: amsfonts 2009/06/22 v3.00 Basic AMSFonts support
\symAMSa=\mathgroup4
\symAMSb=\mathgroup5
LaTeX Font Info:    Overwriting math alphabet `\mathfrak' in version `bold'
(Font)                  U/euf/m/n --> U/euf/b/n on input line 96.
))
(/usr/local/texlive/2011/texmf-dist/tex/latex/amsmath/amsmath.sty
Package: amsmath 2000/07/18 v2.13 AMS math features
\@mathmargin=\skip91

For additional information on amsmath, use the `?' option.
(/usr/local/texlive/2011/texmf-dist/tex/latex/amsmath/amstext.sty
Package: amstext 2000/06/29 v2.01
)
(/usr/local/texlive/2011/texmf-dist/tex/latex/amsmath/amsbsy.sty
Package: amsbsy 1999/11/29 v1.2d
\pmbraise@=\dimen130
)
(/usr/local/texlive/2011/texmf-dist/tex/latex/amsmath/amsopn.sty
Package: amsopn 1999/12/14 v2.01 operator names
)
\inf@bad=\count123
LaTeX Info: Redefining \frac on input line 211.
\uproot@=\count124
\leftroot@=\count125
LaTeX Info: Redefining \overline on input line 307.
\classnum@=\count126
\DOTSCASE@=\count127
LaTeX Info: Redefining \ldots on input line 379.
LaTeX Info: Redefining \dots on input line 382.
LaTeX Info: Redefining \cdots on input line 467.
\Mathstrutbox@=\box32
\strutbox@=\box33
\big@size=\dimen131
LaTeX Font Info:    Redeclaring font encoding OML on input line 567.
LaTeX Font Info:    Redeclaring font encoding OMS on input line 568.
\macc@depth=\count128
\c@MaxMatrixCols=\count129
\dotsspace@=\muskip11
\c@parentequation=\count130
\dspbrk@lvl=\count131
\tag@help=\toks33
\row@=\count132
\column@=\count133
\maxfields@=\count134
\andhelp@=\toks34
\eqnshift@=\dimen132
\alignsep@=\dimen133
\tagshift@=\dimen134
\tagwidth@=\dimen135
\totwidth@=\dimen136
\lineht@=\dimen137
\@envbody=\toks35
\multlinegap=\skip92
\multlinetaggap=\skip93
\mathdisplay@stack=\toks36
LaTeX Info: Redefining \[ on input line 2666.
LaTeX Info: Redefining \] on input line 2667.
)
(/usr/local/texlive/2011/texmf-dist/tex/latex/graphics/graphicx.sty
Package: graphicx 1999/02/16 v1.0f Enhanced LaTeX Graphics (DPC,SPQR)

(/usr/local/texlive/2011/texmf-dist/tex/latex/graphics/graphics.sty
Package: graphics 2009/02/05 v1.0o Standard LaTeX Graphics (DPC,SPQR)

(/usr/local/texlive/2011/texmf-dist/tex/latex/graphics/trig.sty
Package: trig 1999/03/16 v1.09 sin cos tan (DPC)
)
(/usr/local/texlive/2011/texmf-dist/tex/latex/latexconfig/graphics.cfg
File: graphics.cfg 2010/04/23 v1.9 graphics configuration of TeX Live
)
Package graphics Info: Driver file: pdftex.def on input line 91.
)
\Gin@req@height=\dimen138
\Gin@req@width=\dimen139
)
(/usr/local/texlive/2011/texmf-dist/tex/latex/emptypage/emptypage.sty
Package: emptypage 2010/05/30 v1.2 Suppress page numbers and headings on empty 
pages
)
(/usr/local/texlive/2011/texmf-dist/tex/latex/float/float.sty
Package: float 2001/11/08 v1.3d Float enhancements (AL)
\c@float@type=\count135
\float@exts=\toks37
\float@box=\box34
\@float@everytoks=\toks38
\@floatcapt=\box35
)
(/usr/local/texlive/2011/texmf-dist/tex/latex/tools/enumerate.sty
Package: enumerate 1999/03/05 v3.00 enumerate extensions (DPC)
\@enLab=\toks39
)
(/usr/local/texlive/2011/texmf-dist/tex/latex/algorithms/algorithm.sty
Package: algorithm 2009/08/24 v0.1 Document Style `algorithm' - floating enviro
nment
\@float@every@algorithm=\toks40
\c@algorithm=\count136
)
(/usr/local/texlive/2011/texmf-dist/tex/latex/algorithms/algorithmic.sty
Package: algorithmic 2009/08/24 v0.1 Document Style `algorithmic'
\c@ALC@unique=\count137
\c@ALC@line=\count138
\c@ALC@rem=\count139
\c@ALC@depth=\count140
\ALC@tlm=\skip94
\algorithmicindent=\skip95
)
(./spanishAlgorithmic.tex)
(/usr/local/texlive/2011/texmf-dist/tex/latex/titlesec/titlesec.sty
Package: titlesec 2007/08/12 v2.8 Sectioning titles
\ttl@box=\box36
\beforetitleunit=\skip96
\aftertitleunit=\skip97
\ttl@plus=\dimen140
\ttl@minus=\dimen141
\ttl@toksa=\toks41
\titlewidth=\dimen142
\titlewidthlast=\dimen143
\titlewidthfirst=\dimen144
)
(/usr/local/texlive/2011/texmf-dist/tex/latex/caption/caption.sty
Package: caption 2010/01/09 v3.1m Customizing captions (AR)

(/usr/local/texlive/2011/texmf-dist/tex/latex/caption/caption3.sty
Package: caption3 2010/01/14 v3.1m caption3 kernel (AR)
\captionmargin=\dimen145
\captionmargin@=\dimen146
\captionwidth=\dimen147
\caption@indent=\dimen148
\caption@parindent=\dimen149
\caption@hangindent=\dimen150
Package caption Info: Unknown document class (or package),
(caption)             standard defaults will be used on input line 1084.
)

Package caption Warning: Unsupported document class (or package) detected,
(caption)                usage of the caption package is not recommended.
See the caption package documentation for explanation.

Package caption Info: \@makecaption = \long macro:#1#2->\linespread {1.0} \vski
p \abovecaptionskip \vspace {-0.5cm} \sbox \@tempboxa {#1. #2}\ifdim \wd \@temp
boxa >\hsize #1. #2\par \else \global \@minipagefalse \hb@xt@ \hsize {\hfil \bo
x \@tempboxa \hfil }\fi \vskip \belowcaptionskip .
\c@ContinuedFloat=\count141
Package caption Info: float package is loaded.
Package caption Info: hyperref package is loaded.
Package caption Info: longtable package is loaded.
(/usr/local/texlive/2011/texmf-dist/tex/latex/caption/ltcaption.sty
Package: ltcaption 2008/03/28 v1.2 longtable captions (AR)
)
Package caption Info: supertabular package is loaded.
)
\@float@every@table=\toks42

(/usr/local/texlive/2011/texmf-dist/tex/latex/xcolor/xcolor.sty
Package: xcolor 2007/01/21 v2.11 LaTeX color extensions (UK)

(/usr/local/texlive/2011/texmf-dist/tex/latex/latexconfig/color.cfg
File: color.cfg 2007/01/18 v1.5 color configuration of teTeX/TeXLive
)
Package xcolor Info: Driver file: pdftex.def on input line 225.

(/usr/local/texlive/2011/texmf-dist/tex/latex/colortbl/colortbl.sty
Package: colortbl 2001/02/13 v0.1j Color table columns (DPC)

(/usr/local/texlive/2011/texmf-dist/tex/latex/tools/array.sty
Package: array 2008/09/09 v2.4c Tabular extension package (FMi)
\col@sep=\dimen151
\extrarowheight=\dimen152
\NC@list=\toks43
\extratabsurround=\skip98
\backup@length=\skip99
)
\everycr=\toks44
\minrowclearance=\skip100
)
LaTeX Info: Redefining \color on input line 702.
\rownum=\count142
Package xcolor Info: Model `cmy' substituted by `cmy0' on input line 1337.
Package xcolor Info: Model `hsb' substituted by `rgb' on input line 1341.
Package xcolor Info: Model `RGB' extended on input line 1353.
Package xcolor Info: Model `HTML' substituted by `rgb' on input line 1355.
Package xcolor Info: Model `Hsb' substituted by `hsb' on input line 1356.
Package xcolor Info: Model `tHsb' substituted by `hsb' on input line 1357.
Package xcolor Info: Model `HSB' substituted by `hsb' on input line 1358.
Package xcolor Info: Model `Gray' substituted by `gray' on input line 1359.
Package xcolor Info: Model `wave' substituted by `hsb' on input line 1360.
)
(/usr/local/texlive/2011/texmf-dist/tex/latex/rotating/rotating.sty
Package: rotating 2009/03/28 v2.16a rotated objects in LaTeX
\c@r@tfl@t=\count143
\rotFPtop=\skip101
\rotFPbot=\skip102
\rot@float@box=\box37
\rot@mess@toks=\toks45
)
(/usr/local/texlive/2011/texmf-dist/tex/latex/subfigure/subfigure.sty
Package: subfigure 2002/03/15 v2.1.5 subfigure package
\subfigtopskip=\skip103
\subfigcapskip=\skip104
\subfigcaptopadj=\dimen153
\subfigbottomskip=\skip105
\subfigcapmargin=\dimen154
\subfiglabelskip=\skip106
\c@subfigure=\count144
\c@lofdepth=\count145
\c@subtable=\count146
\c@lotdepth=\count147

****************************************
* Local config file subfigure.cfg used *
****************************************
(/usr/local/texlive/2011/texmf-dist/tex/latex/subfigure/subfigure.cfg)
\subfig@top=\skip107
\subfig@bottom=\skip108
)
(/usr/local/texlive/2011/texmf-dist/tex/latex/setspace/setspace.sty
Package: setspace 2000/12/01 6.7 Contributed and Supported LaTeX2e package

Package: `setspace' 6.7 <2000/12/01>
) (/usr/local/texlive/2011/texmf-dist/tex/latex/multirow/multirow.sty
\bigstrutjot=\dimen155
)
(/usr/local/texlive/2011/texmf-dist/tex/latex/booktabs/booktabs.sty
Package: booktabs 2005/04/14 v1.61803 publication quality tables
\heavyrulewidth=\dimen156
\lightrulewidth=\dimen157
\cmidrulewidth=\dimen158
\belowrulesep=\dimen159
\belowbottomsep=\dimen160
\aboverulesep=\dimen161
\abovetopsep=\dimen162
\cmidrulesep=\dimen163
\cmidrulekern=\dimen164
\defaultaddspace=\dimen165
\@cmidla=\count148
\@cmidlb=\count149
\@aboverulesep=\dimen166
\@belowrulesep=\dimen167
\@thisruleclass=\count150
\@lastruleclass=\count151
\@thisrulewidth=\dimen168
)
\c@theorem=\count152
\c@lemma=\count153
\c@teo=\count154
\c@obs=\count155

(./tcilatex.tex
TCILATEX Macros for Scientific Word 5.0 <13 Feb 2003>.
NOTICE: This macro file is NOT proprietary and may be freely copied and distrib
uted.
\msipdfoutput=\count156
\@hour=\count157
\@minute=\count158
\GRAPHICSTYPE=\count159
\@msidraft=\count160
\dispkind=\count161
\theight=\dimen169
LaTeX Info: Redefining \rm on input line 645.
LaTeX Info: Redefining \sf on input line 646.
LaTeX Info: Redefining \tt on input line 647.
LaTeX Info: Redefining \bf on input line 648.
LaTeX Info: Redefining \it on input line 649.
LaTeX Info: Redefining \sl on input line 650.
LaTeX Info: Redefining \sc on input line 651.
\c@axiom=\count162
\c@remark=\count163
\c@example=\count164
\c@exercise=\count165
\c@definition=\count166
\c@equationnumber=\count167
) (./iTesis.aux

LaTeX Warning: Label `cod_parametrico' multiply defined.


LaTeX Warning: Label `FIR_diag' multiply defined.


LaTeX Warning: Label `capit:cap2' multiply defined.

)
\openout1 = `iTesis.aux'.

LaTeX Font Info:    Checking defaults for OML/cmm/m/it on input line 114.
LaTeX Font Info:    ... okay on input line 114.
LaTeX Font Info:    Checking defaults for T1/cmr/m/n on input line 114.
LaTeX Font Info:    ... okay on input line 114.
LaTeX Font Info:    Checking defaults for OT1/cmr/m/n on input line 114.
LaTeX Font Info:    ... okay on input line 114.
LaTeX Font Info:    Checking defaults for OMS/cmsy/m/n on input line 114.
LaTeX Font Info:    ... okay on input line 114.
LaTeX Font Info:    Checking defaults for OMX/cmex/m/n on input line 114.
LaTeX Font Info:    ... okay on input line 114.
LaTeX Font Info:    Checking defaults for U/cmr/m/n on input line 114.
LaTeX Font Info:    ... okay on input line 114.
LaTeX Font Info:    Checking defaults for PD1/pdf/m/n on input line 114.
LaTeX Font Info:    ... okay on input line 114.
LaTeX Font Info:    Try loading font information for OT1+phv on input line 114.

 (/usr/local/texlive/2011/texmf-dist/tex/latex/psnfss/ot1phv.fd
File: ot1phv.fd 2001/06/04 scalable font definitions for OT1/phv.
)
*geometry* driver: auto-detecting
*geometry* detected driver: pdftex
*geometry* verbose mode - [ preamble ] result:
* driver: pdftex
* paper: letterpaper
* layout: <same size as paper>
* layoutoffset:(h,v)=(0.0pt,0.0pt)
* modes: 
* h-part:(L,W,R)=(85.35826pt, 472.03123pt, 56.9055pt)
* v-part:(T,H,B)=(56.9055pt, 681.15898pt, 56.9055pt)
* \paperwidth=614.295pt
* \paperheight=794.96999pt
* \textwidth=472.03123pt
* \textheight=681.15898pt
* \oddsidemargin=13.08827pt
* \evensidemargin=13.08827pt
* \topmargin=-52.36449pt
* \headheight=12.0pt
* \headsep=25.0pt
* \topskip=12.0pt
* \footskip=30.0pt
* \marginparwidth=44.0pt
* \marginparsep=10.0pt
* \columnsep=10.0pt
* \skip\footins=10.8pt plus 4.0pt minus 2.0pt
* \hoffset=0.0pt
* \voffset=0.0pt
* \mag=1000
* \@twocolumnfalse
* \@twosidefalse
* \@mparswitchfalse
* \@reversemarginfalse
* (1in=72.27pt=25.4mm, 1cm=28.453pt)

(/usr/local/texlive/2011/texmf-dist/tex/latex/ucs/ucsencs.def
File: ucsencs.def 2003/11/29 Fixes to fontencodings LGR, T3
)
(/usr/local/texlive/2011/texmf-dist/tex/context/base/supp-pdf.mkii
[Loading MPS to PDF converter (version 2006.09.02).]
\scratchcounter=\count168
\scratchdimen=\dimen170
\scratchbox=\box38
\nofMPsegments=\count169
\nofMParguments=\count170
\everyMPshowfont=\toks46
\MPscratchCnt=\count171
\MPscratchDim=\dimen171
\MPnumerator=\count172
\makeMPintoPDFobject=\count173
\everyMPtoPDFconversion=\toks47
)
(/usr/local/texlive/2011/texmf-dist/tex/latex/glossaries/dict/glossaries-dictio
nary-English.dict
Dictionary: glossaries-dictionary, Language: English 
)
\AtBeginShipoutBox=\box39
Package hyperref Info: Link coloring OFF on input line 114.

(/usr/local/texlive/2011/texmf-dist/tex/latex/hyperref/nameref.sty
Package: nameref 2010/04/30 v2.40 Cross-referencing by name of section

(/usr/local/texlive/2011/texmf-dist/tex/generic/oberdiek/gettitlestring.sty
Package: gettitlestring 2010/12/03 v1.4 Cleanup title references (HO)
)
\c@section@level=\count174
)
LaTeX Info: Redefining \ref on input line 114.
LaTeX Info: Redefining \pageref on input line 114.
LaTeX Info: Redefining \nameref on input line 114.

(./iTesis.out) (./iTesis.out)
\@outlinefile=\write6
\openout6 = `iTesis.out'.


(/usr/local/texlive/2011/texmf-dist/tex/latex/oberdiek/epstopdf-base.sty
Package: epstopdf-base 2010/02/09 v2.5 Base part for package epstopdf

(/usr/local/texlive/2011/texmf-dist/tex/latex/oberdiek/grfext.sty
Package: grfext 2010/08/19 v1.1 Managing graphics extensions (HO)
)
Package grfext Info: Graphics extension search list:
(grfext)             [.png,.pdf,.jpg,.mps,.jpeg,.jbig2,.jb2,.PNG,.PDF,.JPG,.JPE
G,.JBIG2,.JB2,.eps]
(grfext)             \AppendGraphicsExtensions on input line 452.

(/usr/local/texlive/2011/texmf-dist/tex/latex/latexconfig/epstopdf-sys.cfg
File: epstopdf-sys.cfg 2010/07/13 v1.3 Configuration of (r)epstopdf for TeX Liv
e
))
Package caption Info: Begin \AtBeginDocument code.
Package caption Info: rotating package is loaded.
Package caption Info: subfigure package is loaded.
Package caption Info: End \AtBeginDocument code.
LaTeX Font Info:    Font shape `OT1/phv/bx/n' in size <15.84> not available
(Font)              Font shape `OT1/phv/b/n' tried instead on input line 194.

<figures/logoCicese2009.pdf, id=311, 540.60239pt x 270.30113pt>
File: figures/logoCicese2009.pdf Graphic file (type pdf)

<use figures/logoCicese2009.pdf>
Package pdftex.def Info: figures/logoCicese2009.pdf used on input line 194.
(pdftex.def)             Requested size: 198.7425pt x 99.37056pt.
LaTeX Font Info:    Font shape `OT1/phv/bx/n' in size <12> not available
(Font)              Font shape `OT1/phv/b/n' tried instead on input line 194.

(/usr/local/texlive/2011/texmf-dist/tex/latex/ucs/data/uni-0.def
File: uni-0.def 2004/10/17 UCS: Unicode data U+0000..U+00FF
) [1

\openout3 = `iTesis.ist'.

{/usr/local/texlive/2011/texmf-var/fonts/map/pdftex/updmap/pdftex.map} <./figur
es/logoCicese2009.pdf>]
LaTeX Font Info:    Font shape `OT1/phv/bx/n' in size <17.28> not available
(Font)              Font shape `OT1/phv/b/n' tried instead on input line 194.
LaTeX Font Info:    Font shape `OT1/phv/m/it' in size <10.95> not available
(Font)              Font shape `OT1/phv/m/sl' tried instead on input line 194.
LaTeX Font Info:    Try loading font information for U+msa on input line 194.
 (/usr/local/texlive/2011/texmf-dist/tex/latex/amsfonts/umsa.fd
File: umsa.fd 2009/06/22 v3.00 AMS symbols A
)
LaTeX Font Info:    Try loading font information for U+msb on input line 194.

(/usr/local/texlive/2011/texmf-dist/tex/latex/amsfonts/umsb.fd
File: umsb.fd 2009/06/22 v3.00 AMS symbols B
)
Overfull \hbox (3.12924pt too wide) in paragraph at lines 194--194
[][] 
 []

LaTeX Font Info:    Font shape `OT1/phv/m/it' in size <12> not available
(Font)              Font shape `OT1/phv/m/sl' tried instead on input line 194.

Overfull \hbox (26.10191pt too wide) in paragraph at lines 194--194
[][] 
 []

[2] (./Resumen.tex) [3] (./Abstract.tex) [4] (./Dedicatoria.tex
LaTeX Font Info:    Font shape `OT1/phv/bx/it' in size <17.28> not available
(Font)              Font shape `OT1/phv/b/it' tried instead on input line 4.
LaTeX Font Info:    Font shape `OT1/phv/b/it' in size <17.28> not available
(Font)              Font shape `OT1/phv/b/sl' tried instead on input line 4.
) [5

]
(./Agradecimientos.tex) [6

]
Overfull \hbox (3.66335pt too wide) in paragraph at lines 194--194
| []| 
 []

(./iTesis.toc [7

]
Overfull \hbox (1.55731pt too wide) in paragraph at lines 65--65
 [][] [][]\OT1/phv/m/n/12 Ra[]^^Pz cua-dra-da de la di-fe-ren-cia cuadr[]ati-ca
 me-dia (Per-cent Root- 
 []

[8])
\tf@toc=\write7
\openout7 = `iTesis.toc'.

 [9]
Overfull \hbox (3.66335pt too wide) in paragraph at lines 194--194
| []| 
 []

(./iTesis.lof [10

]
Overfull \hbox (2.79245pt too wide) in paragraph at lines 36--36
 [][] [][]\OT1/phv/m/n/12 Representaci[]on gr[]afi-ca del pro-ce-di-mien-to de 
s[]^^Pnte-sis ``over-lap and add (OLA)''.[] [][]  
 []

[11])
\tf@lof=\write8
\openout8 = `iTesis.lof'.

 [12]
Overfull \hbox (3.66335pt too wide) in paragraph at lines 194--194
| []| 
 []

(./iTesis.lot
LaTeX Font Info:    Try loading font information for OMS+phv on input line 8.
 (/usr/local/texlive/2011/texmf-dist/tex/latex/psnfss/omsphv.fd
File: omsphv.fd 
)
LaTeX Font Info:    Font shape `OMS/phv/m/n' in size <12> not available
(Font)              Font shape `OMS/cmsy/m/n' tried instead on input line 8.
)
\tf@lot=\write9
\openout9 = `iTesis.lot'.


[13

] (./Capitulo01.tex
Cap\'{\i }tulo 1
[1

]
LaTeX Font Info:    Font shape `OT1/phv/m/it' in size <10> not available
(Font)              Font shape `OT1/phv/m/sl' tried instead on input line 24.
 [2] [3] [4]
Overfull \hbox (1.03915pt too wide) in paragraph at lines 64--65
[]\OT1/phv/m/n/12 Se cuan-ti-fi-ca-ron de ma-ne-ra ade-cua-da los par[]ame-tros
 ex-tra[]^^Pdos eva-luan-do el desem-
 []

[5] [6]) [7] (./Capitulo02.tex
Cap\'{\i }tulo 2
<figures//valvulas_cardiacas.jpg, id=650, 401.5pt x 284.06125pt>
File: figures//valvulas_cardiacas.jpg Graphic file (type jpg)

<use figures//valvulas_cardiacas.jpg>
Package pdftex.def Info: figures//valvulas_cardiacas.jpg used on input line 26.

(pdftex.def)             Requested size: 238.49121pt x 168.73462pt.
LaTeX Font Info:    Font shape `OT1/phv/bx/n' in size <10> not available
(Font)              Font shape `OT1/phv/b/n' tried instead on input line 30.
LaTeX Font Info:    Font shape `OT1/cmtt/bx/n' in size <10> not available
(Font)              Font shape `OT1/cmtt/m/n' tried instead on input line 30.
 [8

] [9 <./figures//valvulas_cardiacas.jpg>]
Package epstopdf Info: Source file: <figures//ciclo_cardiaco.eps>
(epstopdf)                    date: 2014-09-23 12:14:25
(epstopdf)                    size: 1236610 bytes
(epstopdf)             Output file: <figures//ciclo_cardiaco-eps-converted-to.p
df>
(epstopdf)                    date: 2014-09-23 12:16:25
(epstopdf)                    size: 59513 bytes
(epstopdf)             Command: <epstopdf --outfile=figures//ciclo_cardiaco-eps
-converted-to.pdf figures//ciclo_cardiaco.eps>
(epstopdf)             \includegraphics on input line 66.
Package epstopdf Info: Output file is already uptodate.

<figures//ciclo_cardiaco-eps-converted-to.pdf, id=664, 776.9025pt x 478.78876pt
>
File: figures//ciclo_cardiaco-eps-converted-to.pdf Graphic file (type pdf)
 <use figures//ciclo_cardiaco-eps-converted-to.pdf>
Package pdftex.def Info: figures//ciclo_cardiaco-eps-converted-to.pdf used on i
nput line 66.
(pdftex.def)             Requested size: 310.76122pt x 191.51941pt.
 [10 <./figures//ciclo_cardiaco-eps-converted-to.pdf>]
Package epstopdf Info: Source file: <figures//spectrogram_PCG.eps>
(epstopdf)                    date: 2014-09-23 18:08:07
(epstopdf)                    size: 977383 bytes
(epstopdf)             Output file: <figures//spectrogram_PCG-eps-converted-to.
pdf>
(epstopdf)                    date: 2014-09-23 18:08:42
(epstopdf)                    size: 90944 bytes
(epstopdf)             Command: <epstopdf --outfile=figures//spectrogram_PCG-ep
s-converted-to.pdf figures//spectrogram_PCG.eps>
(epstopdf)             \includegraphics on input line 80.
Package epstopdf Info: Output file is already uptodate.

<figures//spectrogram_PCG-eps-converted-to.pdf, id=681, 716.6775pt x 459.7175pt
>
File: figures//spectrogram_PCG-eps-converted-to.pdf Graphic file (type pdf)
 <use figures//spectrogram_PCG-eps-converted-to.pdf>
Package pdftex.def Info: figures//spectrogram_PCG-eps-converted-to.pdf used on 
input line 80.
(pdftex.def)             Requested size: 344.0013pt x 220.66188pt.
 [11 <./figures//spectrogram_PCG-eps-converted-to.pdf>]
Package epstopdf Info: Source file: <figures//diastolic_rumble.eps>
(epstopdf)                    date: 2014-10-14 13:37:00
(epstopdf)                    size: 1622714 bytes
(epstopdf)             Output file: <figures//diastolic_rumble-eps-converted-to
.pdf>
(epstopdf)                    date: 2014-10-14 13:38:40
(epstopdf)                    size: 70373 bytes
(epstopdf)             Command: <epstopdf --outfile=figures//diastolic_rumble-e
ps-converted-to.pdf figures//diastolic_rumble.eps>
(epstopdf)             \includegraphics on input line 100.
Package epstopdf Info: Output file is already uptodate.

<figures//diastolic_rumble-eps-converted-to.pdf, id=698, 979.66pt x 554.07pt>
File: figures//diastolic_rumble-eps-converted-to.pdf Graphic file (type pdf)

<use figures//diastolic_rumble-eps-converted-to.pdf>
Package pdftex.def Info: figures//diastolic_rumble-eps-converted-to.pdf used on
 input line 100.
(pdftex.def)             Requested size: 440.84293pt x 249.3292pt.
 [12 <./figures//diastolic_rumble-eps-converted-to.pdf>]
<figures//diag_codec1.png, id=717, 772.8875pt x 298.11375pt>
File: figures//diag_codec1.png Graphic file (type png)

<use figures//diag_codec1.png>
Package pdftex.def Info: figures//diag_codec1.png used on input line 120.
(pdftex.def)             Requested size: 355.53256pt x 137.13399pt.
 [13 <./figures//diag_codec1.png>]
Package epstopdf Info: Source file: <figures//dig_signal.eps>
(epstopdf)                    date: 2014-10-14 18:30:02
(epstopdf)                    size: 1542554 bytes
(epstopdf)             Output file: <figures//dig_signal-eps-converted-to.pdf>
(epstopdf)                    date: 2014-10-14 18:31:13
(epstopdf)                    size: 23139 bytes
(epstopdf)             Command: <epstopdf --outfile=figures//dig_signal-eps-con
verted-to.pdf figures//dig_signal.eps>
(epstopdf)             \includegraphics on input line 143.
Package epstopdf Info: Output file is already uptodate.

<figures//dig_signal-eps-converted-to.pdf, id=727, 1030.85126pt x 580.1675pt>
File: figures//dig_signal-eps-converted-to.pdf Graphic file (type pdf)

<use figures//dig_signal-eps-converted-to.pdf>
Package pdftex.def Info: figures//dig_signal-eps-converted-to.pdf used on input
 line 143.
(pdftex.def)             Requested size: 469.75499pt x 264.37498pt.
 [14]
<figures//umbral_audicion.pdf, id=735, 322.881pt x 262.68378pt>
File: figures//umbral_audicion.pdf Graphic file (type pdf)

<use figures//umbral_audicion.pdf>
Package pdftex.def Info: figures//umbral_audicion.pdf used on input line 163.
(pdftex.def)             Requested size: 277.67717pt x 225.90764pt.
 [15 <./figures//dig_signal-eps-converted-to.pdf>] [16 <./figures//umbral_audic
ion.pdf>] [17] [18]
<figures//diagCodPerceptual.pdf, id=973, 680.914pt x 214.56964pt>
File: figures//diagCodPerceptual.pdf Graphic file (type pdf)

<use figures//diagCodPerceptual.pdf>
Package pdftex.def Info: figures//diagCodPerceptual.pdf used on input line 210.

(pdftex.def)             Requested size: 449.40463pt x 141.6164pt.
 [19 <./figures//diagCodPerceptual.pdf>]
<figures//diagCodParametrico.pdf, id=988, 526.99399pt x 376.04047pt>
File: figures//diagCodParametrico.pdf Graphic file (type pdf)

<use figures//diagCodParametrico.pdf>
Package pdftex.def Info: figures//diagCodParametrico.pdf used on input line 227
.
(pdftex.def)             Requested size: 347.8171pt x 248.18747pt.
 [20 <./figures//diagCodParametrico.pdf>]
Overfull \hbox (13.56862pt too wide) in paragraph at lines 239--240
\OT1/phv/m/sl/12 tion (RPE-LTP)\OT1/phv/m/n/12 . Los co-di-fi-ca-do-res di-se[]
nados por Huer-ta y Stern (2001); McLough-
 []

[21]
Overfull \hbox (1.1449pt too wide) in paragraph at lines 253--254
[]\OT1/phv/m/n/12 Los avan-ces en el pro-ce-sa-mien-to di-gi-tal de se[]nales a
s[]^^P co-mo la apa-ri-ci[]on del diagn[]osti-
 []

[22] [23]) [24] (./Capitulo03.tex
Cap\'{\i }tulo 3

Package hyperref Warning: Token not allowed in a PDF string (PDFDocEncoding):
(hyperref)                removing `\\' on input line 1.

[25

] <figures//sparse_diagram.pdf, id=1035, 539.09769pt x 302.21838pt>
File: figures//sparse_diagram.pdf Graphic file (type pdf)

<use figures//sparse_diagram.pdf>
Package pdftex.def Info: figures//sparse_diagram.pdf used on input line 28.
(pdftex.def)             Requested size: 383.03122pt x 214.7241pt.
 [26 <./figures//sparse_diagram.pdf>] [27]
Package epstopdf Info: Source file: <figures//atomo_gabor.eps>
(epstopdf)                    date: 2014-10-16 13:02:35
(epstopdf)                    size: 1394538 bytes
(epstopdf)             Output file: <figures//atomo_gabor-eps-converted-to.pdf>

(epstopdf)                    date: 2014-10-16 13:03:04
(epstopdf)                    size: 20430 bytes
(epstopdf)             Command: <epstopdf --outfile=figures//atomo_gabor-eps-co
nverted-to.pdf figures//atomo_gabor.eps>
(epstopdf)             \includegraphics on input line 75.
Package epstopdf Info: Output file is already uptodate.

<figures//atomo_gabor-eps-converted-to.pdf, id=1122, 979.66pt x 578.16pt>
File: figures//atomo_gabor-eps-converted-to.pdf Graphic file (type pdf)

<use figures//atomo_gabor-eps-converted-to.pdf>
Package pdftex.def Info: figures//atomo_gabor-eps-converted-to.pdf used on inpu
t line 75.
(pdftex.def)             Requested size: 339.66878pt x 200.45348pt.
 [28] [29 <./figures//atomo_gabor-eps-converted-to.pdf>] [30]
<figures//gabor_boxes.pdf, id=1154, 640.88255pt x 493.37125pt>
File: figures//gabor_boxes.pdf Graphic file (type pdf)

<use figures//gabor_boxes.pdf>
Package pdftex.def Info: figures//gabor_boxes.pdf used on input line 132.
(pdftex.def)             Requested size: 339.66878pt x 261.48552pt.
 [31 <./figures//gabor_boxes.pdf>]
Package hyperref Info: bookmark level for unknown algorithm defaults to 0 on in
put line 170.
 [32]
<figures//perfil_energia_extraida.pdf, id=1287, 490.88594pt x 399.39613pt>
File: figures//perfil_energia_extraida.pdf Graphic file (type pdf)

<use figures//perfil_energia_extraida.pdf>
Package pdftex.def Info: figures//perfil_energia_extraida.pdf used on input lin
e 191.
(pdftex.def)             Requested size: 252.94499pt x 205.80403pt.


LaTeX Warning: `!h' float specifier changed to `!ht'.

[33]
Package epstopdf Info: Source file: <figures//eventoRecons.eps>
(epstopdf)                    date: 2014-09-29 16:58:15
(epstopdf)                    size: 1379526 bytes
(epstopdf)             Output file: <figures//eventoRecons-eps-converted-to.pdf
>
(epstopdf)                    date: 2014-09-29 17:01:18
(epstopdf)                    size: 35942 bytes
(epstopdf)             Command: <epstopdf --outfile=figures//eventoRecons-eps-c
onverted-to.pdf figures//eventoRecons.eps>
(epstopdf)             \includegraphics on input line 206.
Package epstopdf Info: Output file is already uptodate.

<figures//eventoRecons-eps-converted-to.pdf, id=1300, 1004.75375pt x 509.905pt>
File: figures//eventoRecons-eps-converted-to.pdf Graphic file (type pdf)
<use figures//eventoRecons-eps-converted-to.pdf>
Package pdftex.def Info: figures//eventoRecons-eps-converted-to.pdf used on inp
ut line 206.
(pdftex.def)             Requested size: 491.43622pt x 249.39658pt.

Overfull \hbox (19.40498pt too wide) in paragraph at lines 206--207
 [] 
 []

) [34 <./figures//perfil_energia_extraida.pdf>] (./Capitulo04.tex [35 <./figure
s//eventoRecons-eps-converted-to.pdf>]
Cap\'{\i }tulo 4

Package hyperref Warning: Token not allowed in a PDF string (PDFDocEncoding):
(hyperref)                removing `\\' on input line 2.

[36

] [37] [38] <figures//fir_diag.pdf, id=1370, 442.43037pt x 445.56784pt>
File: figures//fir_diag.pdf Graphic file (type pdf)

<use figures//fir_diag.pdf>
Package pdftex.def Info: figures//fir_diag.pdf used on input line 71.
(pdftex.def)             Requested size: 227.62204pt x 229.23543pt.
 [39 <./figures//fir_diag.pdf>]
<figures//iir_diag.pdf, id=1458, 745.71175pt x 443.28894pt>
File: figures//iir_diag.pdf Graphic file (type pdf)

<use figures//iir_diag.pdf>
Package pdftex.def Info: figures//iir_diag.pdf used on input line 96.
(pdftex.def)             Requested size: 284.52756pt x 169.14148pt.
 [40]
<figures//AR_diag1.pdf, id=1469, 429.24005pt x 204.22327pt>
File: figures//AR_diag1.pdf Graphic file (type pdf)

<use figures//AR_diag1.pdf>
Package pdftex.def Info: figures//AR_diag1.pdf used on input line 120.
(pdftex.def)             Requested size: 170.71652pt x 81.22354pt.
 [41 <./figures//iir_diag.pdf> <./figures//AR_diag1.pdf>] [42] <figures//lpc_di
ag2.pdf, id=1595, 722.4291pt x 198.88794pt>
File: figures//lpc_diag2.pdf Graphic file (type pdf)

<use figures//lpc_diag2.pdf>
Package pdftex.def Info: figures//lpc_diag2.pdf used on input line 174.
(pdftex.def)             Requested size: 397.48499pt x 109.43118pt.
 [43]
<figures//lpc_produc.pdf, id=1606, 424.8375pt x 357.69968pt>
File: figures//lpc_produc.pdf Graphic file (type pdf)

<use figures//lpc_produc.pdf>
Package pdftex.def Info: figures//lpc_produc.pdf used on input line 183.
(pdftex.def)             Requested size: 204.85974pt x 172.4853pt.
 [44 <./figures//lpc_diag2.pdf> <./figures//lpc_produc.pdf>] [45]
<figures//lpc_samples2.pdf, id=1720, 651.14986pt x 455.82211pt>
File: figures//lpc_samples2.pdf Graphic file (type pdf)

<use figures//lpc_samples2.pdf>
Package pdftex.def Info: figures//lpc_samples2.pdf used on input line 220.
(pdftex.def)             Requested size: 372.73126pt x 260.92719pt.
 [46 <./figures//lpc_samples2.pdf>] [47]
[48] [49

] [50] [51]
Package epstopdf Info: Source file: <figures//lpc_aprox.eps>
(epstopdf)                    date: 2014-09-30 22:19:22
(epstopdf)                    size: 1193406 bytes
(epstopdf)             Output file: <figures//lpc_aprox-eps-converted-to.pdf>
(epstopdf)                    date: 2014-09-30 22:19:46
(epstopdf)                    size: 59972 bytes
(epstopdf)             Command: <epstopdf --outfile=figures//lpc_aprox-eps-conv
erted-to.pdf figures//lpc_aprox.eps>
(epstopdf)             \includegraphics on input line 389.
Package epstopdf Info: Output file is already uptodate.

<figures//lpc_aprox-eps-converted-to.pdf, id=1881, 1071.00125pt x 338.26375pt>
File: figures//lpc_aprox-eps-converted-to.pdf Graphic file (type pdf)

<use figures//lpc_aprox-eps-converted-to.pdf>
Package pdftex.def Info: figures//lpc_aprox-eps-converted-to.pdf used on input 
line 389.
(pdftex.def)             Requested size: 503.37067pt x 158.98398pt.

Overfull \hbox (31.33943pt too wide) in paragraph at lines 389--390
 [][] 
 []

[52] [53 <./figures//lpc_aprox-eps-converted-to.pdf>] [54]
Package epstopdf Info: Source file: <figures//wlpc_estimacion.eps>
(epstopdf)                    date: 2014-09-30 22:26:01
(epstopdf)                    size: 1332526 bytes
(epstopdf)             Output file: <figures//wlpc_estimacion-eps-converted-to.
pdf>
(epstopdf)                    date: 2014-09-30 22:26:24
(epstopdf)                    size: 52130 bytes
(epstopdf)             Command: <epstopdf --outfile=figures//wlpc_estimacion-ep
s-converted-to.pdf figures//wlpc_estimacion.eps>
(epstopdf)             \includegraphics on input line 442.
Package epstopdf Info: Output file is already uptodate.

<figures//wlpc_estimacion-eps-converted-to.pdf, id=1912, 1071.00125pt x 420.571
24pt>
File: figures//wlpc_estimacion-eps-converted-to.pdf Graphic file (type pdf)
 <use figures//wlpc_estimacion-eps-converted-to.pdf>
Package pdftex.def Info: figures//wlpc_estimacion-eps-converted-to.pdf used on 
input line 442.
(pdftex.def)             Requested size: 492.66656pt x 193.46512pt.

Overfull \hbox (20.63533pt too wide) in paragraph at lines 442--443
 [][] 
 []

[55 <./figures//wlpc_estimacion-eps-converted-to.pdf>]) [56] (./Capitulo05.tex
Cap\'{\i }tulo 5

LaTeX Font Warning: Font shape `OMS/phv/bx/n' undefined
(Font)              using `OMS/phv/m/n' instead on input line 36.

LaTeX Font Info:    Font shape `OMS/phv/m/n' in size <10> not available
(Font)              Font shape `OMS/cmsy/m/n' tried instead on input line 36.
LaTeX Font Info:    Font shape `OMS/phv/bx/n' in size <10> not available
(Font)              Font shape `OMS/cmsy/m/n' tried instead on input line 36.

LaTeX Warning: `h' float specifier changed to `ht'.

[57

] <figures//codificador.png, id=1942, 898.35625pt x 492.84125pt>
File: figures//codificador.png Graphic file (type png)

<use figures//codificador.png>
Package pdftex.def Info: figures//codificador.png used on input line 49.
(pdftex.def)             Requested size: 413.24889pt x 226.70972pt.

<figures//decodificador.png, id=1943, 949.5475pt x 434.62375pt>
File: figures//decodificador.png Graphic file (type png)

<use figures//decodificador.png>
Package pdftex.def Info: figures//decodificador.png used on input line 57.
(pdftex.def)             Requested size: 436.79715pt x 199.92934pt.


LaTeX Warning: `!h' float specifier changed to `!ht'.

Package epstopdf Info: Source file: <figures//segmentacion.eps>
(epstopdf)                    date: 2014-04-02 20:53:46
(epstopdf)                    size: 96139 bytes
(epstopdf)             Output file: <figures//segmentacion-eps-converted-to.pdf
>
(epstopdf)                    date: 2014-09-30 22:50:33
(epstopdf)                    size: 71530 bytes
(epstopdf)             Command: <epstopdf --outfile=figures//segmentacion-eps-c
onverted-to.pdf figures//segmentacion.eps>
(epstopdf)             \includegraphics on input line 67.
Package epstopdf Info: Output file is already uptodate.

<figures//segmentacion-eps-converted-to.pdf, id=1945, 1071.00125pt x 371.3875pt
>
File: figures//segmentacion-eps-converted-to.pdf Graphic file (type pdf)
 <use figures//segmentacion-eps-converted-to.pdf>
Package pdftex.def Info: figures//segmentacion-eps-converted-to.pdf used on inp
ut line 67.
(pdftex.def)             Requested size: 492.66656pt x 170.84032pt.

Overfull \hbox (20.63533pt too wide) in paragraph at lines 67--68
 [][] 
 []

[58 <./figures//codificador.png>] [59 <./figures//decodificador.png> <./figures
//segmentacion-eps-converted-to.pdf>] [60]
Package epstopdf Info: Source file: <figures//MP_decomp.eps>
(epstopdf)                    date: 2014-10-01 11:25:38
(epstopdf)                    size: 2964118 bytes
(epstopdf)             Output file: <figures//MP_decomp-eps-converted-to.pdf>
(epstopdf)                    date: 2014-10-01 11:25:57
(epstopdf)                    size: 71976 bytes
(epstopdf)             Command: <epstopdf --outfile=figures//MP_decomp-eps-conv
erted-to.pdf figures//MP_decomp.eps>
(epstopdf)             \includegraphics on input line 102.
Package epstopdf Info: Output file is already uptodate.

<figures//MP_decomp-eps-converted-to.pdf, id=1972, 1295.84125pt x 571.13374pt>
File: figures//MP_decomp-eps-converted-to.pdf Graphic file (type pdf)

<use figures//MP_decomp-eps-converted-to.pdf>
Package pdftex.def Info: figures//MP_decomp-eps-converted-to.pdf used on input 
line 102.
(pdftex.def)             Requested size: 492.42479pt x 217.03308pt.

Overfull \hbox (20.39355pt too wide) in paragraph at lines 102--103
 [][] 
 []


LaTeX Warning: `h' float specifier changed to `ht'.

[61 <./figures//MP_decomp-eps-converted-to.pdf>]
Package epstopdf Info: Source file: <figures//extraccion_residual.eps>
(epstopdf)                    date: 2014-10-27 13:47:00
(epstopdf)                    size: 2656194 bytes
(epstopdf)             Output file: <figures//extraccion_residual-eps-converted
-to.pdf>
(epstopdf)                    date: 2014-10-27 14:18:49
(epstopdf)                    size: 192803 bytes
(epstopdf)             Command: <epstopdf --outfile=figures//extraccion_residua
l-eps-converted-to.pdf figures//extraccion_residual.eps>
(epstopdf)             \includegraphics on input line 144.
Package epstopdf Info: Output file is already uptodate.

<figures//extraccion_residual-eps-converted-to.pdf, id=1991, 1132.23pt x 571.13
374pt>
File: figures//extraccion_residual-eps-converted-to.pdf Graphic file (type pdf)

 <use figures//extraccion_residual-eps-converted-to.pdf>
Package pdftex.def Info: figures//extraccion_residual-eps-converted-to.pdf used
 on input line 144.
(pdftex.def)             Requested size: 475.53336pt x 239.87454pt.

Overfull \hbox (3.50212pt too wide) in paragraph at lines 144--145
 [][] 
 []

[62]
Package epstopdf Info: Source file: <figures//OLA_plot.eps>
(epstopdf)                    date: 2014-10-01 14:24:52
(epstopdf)                    size: 1673394 bytes
(epstopdf)             Output file: <figures//OLA_plot-eps-converted-to.pdf>
(epstopdf)                    date: 2014-10-01 14:26:45
(epstopdf)                    size: 31811 bytes
(epstopdf)             Command: <epstopdf --outfile=figures//OLA_plot-eps-conve
rted-to.pdf figures//OLA_plot.eps>
(epstopdf)             \includegraphics on input line 157.
Package epstopdf Info: Output file is already uptodate.

<figures//OLA_plot-eps-converted-to.pdf, id=1997, 1132.23pt x 571.13374pt>
File: figures//OLA_plot-eps-converted-to.pdf Graphic file (type pdf)

<use figures//OLA_plot-eps-converted-to.pdf>
Package pdftex.def Info: figures//OLA_plot-eps-converted-to.pdf used on input l
ine 157.
(pdftex.def)             Requested size: 430.25188pt x 217.03308pt.
 [63 <./figures//extraccion_residual-eps-converted-to.pdf>]

Package hyperref Warning: Token not allowed in a PDF string (PDFDocEncoding):
(hyperref)                removing `math shift' on input line 169.


Package hyperref Warning: Token not allowed in a PDF string (PDFDocEncoding):
(hyperref)                removing `math shift' on input line 169.

[64 <./figures//OLA_plot-eps-converted-to.pdf>]
Package epstopdf Info: Source file: <figures//sfm.eps>
(epstopdf)                    date: 2014-10-16 22:52:25
(epstopdf)                    size: 1572722 bytes
(epstopdf)             Output file: <figures//sfm-eps-converted-to.pdf>
(epstopdf)                    date: 2014-10-16 22:52:26
(epstopdf)                    size: 24721 bytes
(epstopdf)             Command: <epstopdf --outfile=figures//sfm-eps-converted-
to.pdf figures//sfm.eps>
(epstopdf)             \includegraphics on input line 185.
Package epstopdf Info: Output file is already uptodate.

<figures//sfm-eps-converted-to.pdf, id=2034, 1132.23pt x 571.13374pt>
File: figures//sfm-eps-converted-to.pdf Graphic file (type pdf)

<use figures//sfm-eps-converted-to.pdf>
Package pdftex.def Info: figures//sfm-eps-converted-to.pdf used on input line 1
85.
(pdftex.def)             Requested size: 464.2173pt x 234.16635pt.
 [65 <./figures//sfm-eps-converted-to.pdf>] <figures//OLA_recons.pdf, id=2059, 
360.59724pt x 177.90042pt>
File: figures//OLA_recons.pdf Graphic file (type pdf)

<use figures//OLA_recons.pdf>
Package pdftex.def Info: figures//OLA_recons.pdf used on input line 197.
(pdftex.def)             Requested size: 310.11308pt x 152.99408pt.
Package epstopdf Info: Source file: <figures//preemp.eps>
(epstopdf)                    date: 2014-10-01 16:25:03
(epstopdf)                    size: 1594742 bytes
(epstopdf)             Output file: <figures//preemp-eps-converted-to.pdf>
(epstopdf)                    date: 2014-10-01 16:26:47
(epstopdf)                    size: 29638 bytes
(epstopdf)             Command: <epstopdf --outfile=figures//preemp-eps-convert
ed-to.pdf figures//preemp.eps>
(epstopdf)             \includegraphics on input line 218.
Package epstopdf Info: Output file is already uptodate.

<figures//preemp-eps-converted-to.pdf, id=2062, 1132.23pt x 571.13374pt>
File: figures//preemp-eps-converted-to.pdf Graphic file (type pdf)

<use figures//preemp-eps-converted-to.pdf>
Package pdftex.def Info: figures//preemp-eps-converted-to.pdf used on input lin
e 218.
(pdftex.def)             Requested size: 486.84941pt x 245.58272pt.

Overfull \hbox (14.81818pt too wide) in paragraph at lines 218--219
 [][] 
 []

[66 <./figures//OLA_recons.pdf>]
Overfull \vbox (14.49998pt too high) detected at line 235
 []


LaTeX Warning: `h' float specifier changed to `ht'.

[67 <./figures//preemp-eps-converted-to.pdf>]
<figures//cuantificador.pdf, id=2112, 570.01837pt x 432.78258pt>
File: figures//cuantificador.pdf Graphic file (type pdf)

<use figures//cuantificador.pdf>
Package pdftex.def Info: figures//cuantificador.pdf used on input line 258.
(pdftex.def)             Requested size: 245.10312pt x 186.09288pt.
 [68]
<figures//params_cuant.png, id=2126, 921.4425pt x 505.89pt>
File: figures//params_cuant.png Graphic file (type png)

<use figures//params_cuant.png>
Package pdftex.def Info: figures//params_cuant.png used on input line 288.
(pdftex.def)             Requested size: 442.28738pt x 242.82443pt.
 [69 <./figures//cuantificador.pdf>]
Package epstopdf Info: Source file: <figures//histograma_amplitudesFases.eps>
(epstopdf)                    date: 2014-10-02 13:25:23
(epstopdf)                    size: 1649582 bytes
(epstopdf)             Output file: <figures//histograma_amplitudesFases-eps-co
nverted-to.pdf>
(epstopdf)                    date: 2014-10-02 13:25:45
(epstopdf)                    size: 26741 bytes
(epstopdf)             Command: <epstopdf --outfile=figures//histograma_amplitu
desFases-eps-converted-to.pdf figures//histograma_amplitudesFases.eps>
(epstopdf)             \includegraphics on input line 300.
Package epstopdf Info: Output file is already uptodate.

<figures//histograma_amplitudesFases-eps-converted-to.pdf, id=2168, 1151.30125p
t x 571.13374pt>
File: figures//histograma_amplitudesFases-eps-converted-to.pdf Graphic file (ty
pe pdf)

<use figures//histograma_amplitudesFases-eps-converted-to.pdf>
Package pdftex.def Info: figures//histograma_amplitudesFases-eps-converted-to.p
df used on input line 300.
(pdftex.def)             Requested size: 483.54324pt x 239.87454pt.

Overfull \hbox (11.51201pt too wide) in paragraph at lines 300--301
 [][] 
 []

Package epstopdf Info: Source file: <figures//histograma_LSFDGanancia.eps>
(epstopdf)                    date: 2014-10-02 13:30:34
(epstopdf)                    size: 1505490 bytes
(epstopdf)             Output file: <figures//histograma_LSFDGanancia-eps-conve
rted-to.pdf>
(epstopdf)                    date: 2014-10-02 13:33:17
(epstopdf)                    size: 26319 bytes
(epstopdf)             Command: <epstopdf --outfile=figures//histograma_LSFDGan
ancia-eps-converted-to.pdf figures//histograma_LSFDGanancia.eps>
(epstopdf)             \includegraphics on input line 309.
Package epstopdf Info: Output file is already uptodate.

<figures//histograma_LSFDGanancia-eps-converted-to.pdf, id=2169, 1075.01625pt x
 554.07pt>
File: figures//histograma_LSFDGanancia-eps-converted-to.pdf Graphic file (type 
pdf)
 <use figures//histograma_LSFDGanancia-eps-converted-to.pdf>
Package pdftex.def Info: figures//histograma_LSFDGanancia-eps-converted-to.pdf 
used on input line 309.
(pdftex.def)             Requested size: 451.50375pt x 232.70781pt.


LaTeX Warning: `!h' float specifier changed to `!ht'.

[70 <./figures//params_cuant.png>] [71 <./figures//histograma_amplitudesFases-e
ps-converted-to.pdf> <./figures//histograma_LSFDGanancia-eps-converted-to.pdf>]
[72]
Overfull \hbox (1.53285pt too wide) in paragraph at lines 334--335
[]\OT1/phv/b/n/12 Pares o fre-cuen-cias de l^^S^^Pneas es-pec-tra-les di-fe-ren
-cia-les (LSFD's)\OT1/phv/m/n/12 : Soong y Juang
 []

[73]
Package epstopdf Info: Source file: <figures//spectral_disortion.eps>
(epstopdf)                    date: 2014-10-02 19:45:34
(epstopdf)                    size: 1714066 bytes
(epstopdf)             Output file: <figures//spectral_disortion-eps-converted-
to.pdf>
(epstopdf)                    date: 2014-10-02 19:48:18
(epstopdf)                    size: 71805 bytes
(epstopdf)             Command: <epstopdf --outfile=figures//spectral_disortion
-eps-converted-to.pdf figures//spectral_disortion.eps>
(epstopdf)             \includegraphics on input line 354.
Package epstopdf Info: Output file is already uptodate.

<figures//spectral_disortion-eps-converted-to.pdf, id=2215, 1075.01625pt x 554.
07pt>
File: figures//spectral_disortion-eps-converted-to.pdf Graphic file (type pdf)
 <use figures//spectral_disortion-eps-converted-to.pdf>
Package pdftex.def Info: figures//spectral_disortion-eps-converted-to.pdf used 
on input line 354.
(pdftex.def)             Requested size: 516.00195pt x 265.95058pt.

Overfull \hbox (43.97072pt too wide) in paragraph at lines 354--355
 [][] 
 []

[74 <./figures//spectral_disortion-eps-converted-to.pdf>] [75]

LaTeX Warning: `h' float specifier changed to `ht'.

Package epstopdf Info: Source file: <figures//pcgRecons.eps>
(epstopdf)                    date: 2014-10-02 23:15:35
(epstopdf)                    size: 1660666 bytes
(epstopdf)             Output file: <figures//pcgRecons-eps-converted-to.pdf>
(epstopdf)                    date: 2014-10-02 23:16:56
(epstopdf)                    size: 61832 bytes
(epstopdf)             Command: <epstopdf --outfile=figures//pcgRecons-eps-conv
erted-to.pdf figures//pcgRecons.eps>
(epstopdf)             \includegraphics on input line 428.
Package epstopdf Info: Output file is already uptodate.
<figures//pcgRecons-eps-converted-to.pdf, id=2243, 1075.01625pt x 554.07pt>
File: figures//pcgRecons-eps-converted-to.pdf Graphic file (type pdf)

<use figures//pcgRecons-eps-converted-to.pdf>
Package pdftex.def Info: figures//pcgRecons-eps-converted-to.pdf used on input 
line 428.
(pdftex.def)             Requested size: 483.75285pt x 249.3292pt.

Overfull \hbox (11.72162pt too wide) in paragraph at lines 428--429
 [][] 
 []

[76]

LaTeX Warning: `h' float specifier changed to `ht'.

[77] [78 <./figures//pcgRecons-eps-converted-to.pdf>]) [79] (./Capitulo06.tex
Cap\'{\i }tulo 6
[80

] [81] <figures//mushra_interfaz.png, id=2288, 1110.1475pt x 766.865pt>
File: figures//mushra_interfaz.png Graphic file (type png)

<use figures//mushra_interfaz.png>
Package pdftex.def Info: figures//mushra_interfaz.png used on input line 47.
(pdftex.def)             Requested size: 499.56177pt x 345.08606pt.

Overfull \hbox (27.53053pt too wide) in paragraph at lines 47--48
 [][] 
 []

[82 <./figures//mushra_interfaz.png>] [83] [84] [85]
Package epstopdf Info: Source file: <figures//IC_NormalSplitS1.eps>
(epstopdf)                    date: 2014-10-27 14:00:11
(epstopdf)                    size: 1459518 bytes
(epstopdf)             Output file: <figures//IC_NormalSplitS1-eps-converted-to
.pdf>
(epstopdf)                    date: 2014-10-27 14:18:51
(epstopdf)                    size: 19984 bytes
(epstopdf)             Command: <epstopdf --outfile=figures//IC_NormalSplitS1-e
ps-converted-to.pdf figures//IC_NormalSplitS1.eps>
(epstopdf)             \includegraphics on input line 131.
Package epstopdf Info: Output file is already uptodate.

<figures//IC_NormalSplitS1-eps-converted-to.pdf, id=2314, 1075.01625pt x 554.07
pt>
File: figures//IC_NormalSplitS1-eps-converted-to.pdf Graphic file (type pdf)
 <use figures//IC_NormalSplitS1-eps-converted-to.pdf>
Package pdftex.def Info: figures//IC_NormalSplitS1-eps-converted-to.pdf used on
 input line 131.
(pdftex.def)             Requested size: 408.51042pt x 210.54878pt.


LaTeX Warning: `!h' float specifier changed to `!ht'.

Package epstopdf Info: Source file: <figures//IC_NormalSplitS2.eps>
(epstopdf)                    date: 2014-10-27 14:05:05
(epstopdf)                    size: 1459214 bytes
(epstopdf)             Output file: <figures//IC_NormalSplitS2-eps-converted-to
.pdf>
(epstopdf)                    date: 2014-10-27 14:18:51
(epstopdf)                    size: 19982 bytes
(epstopdf)             Command: <epstopdf --outfile=figures//IC_NormalSplitS2-e
ps-converted-to.pdf figures//IC_NormalSplitS2.eps>
(epstopdf)             \includegraphics on input line 139.
Package epstopdf Info: Output file is already uptodate.

<figures//IC_NormalSplitS2-eps-converted-to.pdf, id=2315, 1075.01625pt x 554.07
pt>
File: figures//IC_NormalSplitS2-eps-converted-to.pdf Graphic file (type pdf)
 <use figures//IC_NormalSplitS2-eps-converted-to.pdf>
Package pdftex.def Info: figures//IC_NormalSplitS2-eps-converted-to.pdf used on
 input line 139.
(pdftex.def)             Requested size: 408.51042pt x 210.54878pt.


LaTeX Warning: `!h' float specifier changed to `!ht'.

Package epstopdf Info: Source file: <figures//IC_S3.eps>
(epstopdf)                    date: 2014-10-27 14:10:25
(epstopdf)                    size: 1455778 bytes
(epstopdf)             Output file: <figures//IC_S3-eps-converted-to.pdf>
(epstopdf)                    date: 2014-10-27 14:18:52
(epstopdf)                    size: 19379 bytes
(epstopdf)             Command: <epstopdf --outfile=figures//IC_S3-eps-converte
d-to.pdf figures//IC_S3.eps>
(epstopdf)             \includegraphics on input line 147.
Package epstopdf Info: Output file is already uptodate.
<figures//IC_S3-eps-converted-to.pdf, id=2316, 1075.01625pt x 554.07pt>
File: figures//IC_S3-eps-converted-to.pdf Graphic file (type pdf)

<use figures//IC_S3-eps-converted-to.pdf>
Package pdftex.def Info: figures//IC_S3-eps-converted-to.pdf used on input line
 147.
(pdftex.def)             Requested size: 408.51042pt x 210.54878pt.


LaTeX Warning: `!h' float specifier changed to `!ht'.

Package epstopdf Info: Source file: <figures//IC_S4.eps>
(epstopdf)                    date: 2014-10-27 14:13:11
(epstopdf)                    size: 1457138 bytes
(epstopdf)             Output file: <figures//IC_S4-eps-converted-to.pdf>
(epstopdf)                    date: 2014-10-27 14:18:52
(epstopdf)                    size: 19347 bytes
(epstopdf)             Command: <epstopdf --outfile=figures//IC_S4-eps-converte
d-to.pdf figures//IC_S4.eps>
(epstopdf)             \includegraphics on input line 156.
Package epstopdf Info: Output file is already uptodate.
<figures//IC_S4-eps-converted-to.pdf, id=2317, 1075.01625pt x 554.07pt>
File: figures//IC_S4-eps-converted-to.pdf Graphic file (type pdf)

<use figures//IC_S4-eps-converted-to.pdf>
Package pdftex.def Info: figures//IC_S4-eps-converted-to.pdf used on input line
 156.
(pdftex.def)             Requested size: 408.51042pt x 210.54878pt.


LaTeX Warning: `!h' float specifier changed to `!ht'.

Package epstopdf Info: Source file: <figures//IC_PansistolycMurmur.eps>
(epstopdf)                    date: 2014-10-27 14:07:39
(epstopdf)                    size: 1460306 bytes
(epstopdf)             Output file: <figures//IC_PansistolycMurmur-eps-converte
d-to.pdf>
(epstopdf)                    date: 2014-10-27 14:18:53
(epstopdf)                    size: 20225 bytes
(epstopdf)             Command: <epstopdf --outfile=figures//IC_PansistolycMurm
ur-eps-converted-to.pdf figures//IC_PansistolycMurmur.eps>
(epstopdf)             \includegraphics on input line 164.
Package epstopdf Info: Output file is already uptodate.

<figures//IC_PansistolycMurmur-eps-converted-to.pdf, id=2318, 1075.01625pt x 55
4.07pt>
File: figures//IC_PansistolycMurmur-eps-converted-to.pdf Graphic file (type pdf
)
 <use figures//IC_PansistolycMurmur-eps-converted-to.pdf>
Package pdftex.def Info: figures//IC_PansistolycMurmur-eps-converted-to.pdf use
d on input line 164.
(pdftex.def)             Requested size: 408.51042pt x 210.54878pt.


LaTeX Warning: `!h' float specifier changed to `!ht'.

[86] [87 <./figures//IC_NormalSplitS1-eps-converted-to.pdf> <./figures//IC_Norm
alSplitS2-eps-converted-to.pdf>] [88 <./figures//IC_S3-eps-converted-to.pdf> <.
/figures//IC_S4-eps-converted-to.pdf>]) [89 <./figures//IC_PansistolycMurmur-ep
s-converted-to.pdf>] (./Capitulo07.tex
Cap\'{\i }tulo 7
[90

] [91] [92]) [93] (./iTesis.bbl [94

]
(/usr/local/texlive/2011/texmf-dist/tex/latex/ucs/data/uni-32.def
File: uni-32.def 2004/10/17 UCS: Unicode data U+2000..U+20FF
) [95]
[96] [97] [98] [99])

Package glossaries Warning: No \printglossary or \printglossaries found.
This document will not have a glossary.

Package atveryend Info: Empty hook `BeforeClearDocument' on input line 273.
[100]
Package atveryend Info: Empty hook `AfterLastShipout' on input line 273.
 (./iTesis.aux)
Package atveryend Info: Executing hook `AtVeryEndDocument' on input line 273.
Package atveryend Info: Executing hook `AtEndAfterFileList' on input line 273.
Package rerunfilecheck Info: File `iTesis.out' has not changed.
(rerunfilecheck)             Checksum: 41F59FDBD523AD7F92F60F8975E4D3E1;6762.


LaTeX Font Warning: Some font shapes were not available, defaults substituted.


LaTeX Warning: There were multiply-defined labels.

 ) 
Here is how much of TeX's memory you used:
 14309 strings out of 493633
 207313 string characters out of 3143378
 358339 words of memory out of 3000000
 16874 multiletter control sequences out of 15000+200000
 38802 words of font info for 85 fonts, out of 3000000 for 9000
 831 hyphenation exceptions out of 8191
 53i,20n,92p,1316b,951s stack positions out of 5000i,500n,10000p,200000b,50000s
pdfTeX warning (dest): name{Hfootnote.20} has been referenced but does not ex
ist, replaced by a fixed one

pdfTeX warning (dest): name{Hfootnote.19} has been referenced but does not exis
t, replaced by a fixed one

pdfTeX warning (dest): name{Hfootnote.18} has been referenced but does not exis
t, replaced by a fixed one

pdfTeX warning (dest): name{Hfootnote.17} has been referenced but does not exis
t, replaced by a fixed one

pdfTeX warning (dest): name{Hfootnote.16} has been referenced but does not exis
t, replaced by a fixed one

pdfTeX warning (dest): name{Hfootnote.15} has been referenced but does not exis
t, replaced by a fixed one

pdfTeX warning (dest): name{Hfootnote.14} has been referenced but does not exis
t, replaced by a fixed one

pdfTeX warning (dest): name{Hfootnote.13} has been referenced but does not exis
t, replaced by a fixed one

pdfTeX warning (dest): name{Hfootnote.12} has been referenced but does not exis
t, replaced by a fixed one

pdfTeX warning (dest): name{Hfootnote.11} has been referenced but does not exis
t, replaced by a fixed one

pdfTeX warning (dest): name{Hfootnote.10} has been referenced but does not exis
t, replaced by a fixed one

pdfTeX warning (dest): name{Hfootnote.9} has been referenced but does not exist
, replaced by a fixed one

pdfTeX warning (dest): name{algorithm.1} has been referenced but does not exist
, replaced by a fixed one

pdfTeX warning (dest): name{Hfootnote.8} has been referenced but does not exist
, replaced by a fixed one

pdfTeX warning (dest): name{Hfootnote.7} has been referenced but does not exist
, replaced by a fixed one

pdfTeX warning (dest): name{Hfootnote.6} has been referenced but does not exist
, replaced by a fixed one

pdfTeX warning (dest): name{Hfootnote.5} has been referenced but does not exist
, replaced by a fixed one

pdfTeX warning (dest): name{Hfootnote.4} has been referenced but does not exist
, replaced by a fixed one

pdfTeX warning (dest): name{Hfootnote.3} has been referenced but does not exist
, replaced by a fixed one

pdfTeX warning (dest): name{Hfootnote.2} has been referenced but does not exist
, replaced by a fixed one

pdfTeX warning (dest): name{Hfootnote.1} has been referenced but does not exist
, replaced by a fixed one

pdfTeX warning (dest): name{table.5.9} has been referenced but does not exist, 
replaced by a fixed one

pdfTeX warning (dest): name{table.5.8} has been referenced but does not exist, 
replaced by a fixed one

pdfTeX warning (dest): name{table.5.7} has been referenced but does not exist, 
replaced by a fixed one

pdfTeX warning (dest): name{table.5.6} has been referenced but does not exist, 
replaced by a fixed one

pdfTeX warning (dest): name{table.5.5} has been referenced but does not exist, 
replaced by a fixed one

pdfTeX warning (dest): name{table.5.4} has been referenced but does not exist, 
replaced by a fixed one

pdfTeX warning (dest): name{table.5.3} has been referenced but does not exist, 
replaced by a fixed one

pdfTeX warning (dest): name{table.5.2} has been referenced but does not exist, 
replaced by a fixed one

pdfTeX warning (dest): name{table.2.1} has been referenced but does not exist, 
replaced by a fixed one

{/usr/local/texlive/2011/texmf-dist/fonts/enc/dvips/base/8r.enc}</usr/local/tex
live/2011/texmf-dist/fonts/type1/public/amsfonts/cm/cmbx10.pfb></usr/local/texl
ive/2011/texmf-dist/fonts/type1/public/amsfonts/cm/cmbx12.pfb></usr/local/texli
ve/2011/texmf-dist/fonts/type1/public/amsfonts/cm/cmbx8.pfb></usr/local/texlive
/2011/texmf-dist/fonts/type1/public/amsfonts/cm/cmex10.pfb></usr/local/texlive/
2011/texmf-dist/fonts/type1/public/amsfonts/cm/cmmi10.pfb></usr/local/texlive/2
011/texmf-dist/fonts/type1/public/amsfonts/cm/cmmi12.pfb></usr/local/texlive/20
11/texmf-dist/fonts/type1/public/amsfonts/cm/cmmi6.pfb></usr/local/texlive/2011
/texmf-dist/fonts/type1/public/amsfonts/cm/cmmi7.pfb></usr/local/texlive/2011/t
exmf-dist/fonts/type1/public/amsfonts/cm/cmmi8.pfb></usr/local/texlive/2011/tex
mf-dist/fonts/type1/public/amsfonts/cm/cmmib10.pfb></usr/local/texlive/2011/tex
mf-dist/fonts/type1/public/amsfonts/cm/cmr10.pfb></usr/local/texlive/2011/texmf
-dist/fonts/type1/public/amsfonts/cm/cmr12.pfb></usr/local/texlive/2011/texmf-d
ist/fonts/type1/public/amsfonts/cm/cmr6.pfb></usr/local/texlive/2011/texmf-dist
/fonts/type1/public/amsfonts/cm/cmr7.pfb></usr/local/texlive/2011/texmf-dist/fo
nts/type1/public/amsfonts/cm/cmr8.pfb></usr/local/texlive/2011/texmf-dist/fonts
/type1/public/amsfonts/cm/cmsy10.pfb></usr/local/texlive/2011/texmf-dist/fonts/
type1/public/amsfonts/cm/cmsy6.pfb></usr/local/texlive/2011/texmf-dist/fonts/ty
pe1/public/amsfonts/cm/cmsy7.pfb></usr/local/texlive/2011/texmf-dist/fonts/type
1/public/amsfonts/cm/cmsy8.pfb></usr/local/texlive/2011/texmf-dist/fonts/type1/
public/amsfonts/cm/cmtt10.pfb></usr/local/texlive/2011/texmf-dist/fonts/type1/p
ublic/amsfonts/cm/cmtt12.pfb></usr/local/texlive/2011/texmf-dist/fonts/type1/pu
blic/amsfonts/symbols/msbm10.pfb></usr/local/texlive/2011/texmf-dist/fonts/type
1/urw/helvetic/uhvb8a.pfb></usr/local/texlive/2011/texmf-dist/fonts/type1/urw/h
elvetic/uhvbo8a.pfb></usr/local/texlive/2011/texmf-dist/fonts/type1/urw/helveti
c/uhvr8a.pfb></usr/local/texlive/2011/texmf-dist/fonts/type1/urw/helvetic/uhvro
8a.pfb>
Output written on iTesis.pdf (113 pages, 2285225 bytes).
PDF statistics:
 2588 PDF objects out of 2984 (max. 8388607)
 2100 compressed objects within 21 object streams
 336 named destinations out of 1000 (max. 500000)
 837 words of extra memory for PDF output out of 10000 (max. 10000000)

